#
# There is insufficient memory for the Java Runtime Environment to continue.
# Native memory allocation (malloc) failed to allocate 1658256 bytes for Chunk::new
# Possible reasons:
#   The system is out of physical RAM or swap space
#   In 32 bit mode, the process size limit was hit
# Possible solutions:
#   Reduce memory load on the system
#   Increase physical memory or swap space
#   Check if swap backing store is full
#   Use 64 bit Java on a 64 bit OS
#   Decrease Java heap size (-Xmx/-Xms)
#   Decrease number of Java threads
#   Decrease Java thread stack sizes (-Xss)
#   Set larger code cache with -XX:ReservedCodeCacheSize=
# This output file may be truncated or incomplete.
#
#  Out of Memory Error (allocation.cpp:390), pid=5228, tid=7528
#
# JRE version: Java(TM) SE Runtime Environment (8.0_77-b03) (build 1.8.0_77-b03)
# Java VM: Java HotSpot(TM) 64-Bit Server VM (25.77-b03 mixed mode windows-amd64 compressed oops)
# Failed to write core dump. Minidumps are not enabled by default on client versions of Windows
#

---------------  T H R E A D  ---------------

Current thread (0x000000001738e800):  JavaThread "C2 CompilerThread1" daemon [_thread_in_native, id=7528, stack(0x0000000017c60000,0x0000000017d60000)]

Stack: [0x0000000017c60000,0x0000000017d60000]
[error occurred during error reporting (printing stack bounds), id 0xc0000005]

Native frames: (J=compiled Java code, j=interpreted, Vv=VM code, C=native code)


Current CompileTask:
C2:   3476 1443   !   4       com.android.dx.cf.code.BytecodeArray::parseInstruction (2764 bytes)


---------------  P R O C E S S  ---------------

Java Threads: ( => current thread )
  0x0000000017710000 JavaThread "pool-2-thread-4" [_thread_blocked, id=10768, stack(0x0000000018d60000,0x0000000018e60000)]
  0x0000000017709800 JavaThread "pool-2-thread-3" [_thread_blocked, id=8208, stack(0x0000000018c60000,0x0000000018d60000)]
  0x0000000017709000 JavaThread "pool-2-thread-2" [_thread_blocked, id=10612, stack(0x0000000018b60000,0x0000000018c60000)]
  0x00000000176f9000 JavaThread "pool-3-thread-1" [_thread_blocked, id=10880, stack(0x0000000018a60000,0x0000000018b60000)]
  0x000000001775e800 JavaThread "pool-2-thread-1" [_thread_blocked, id=11972, stack(0x0000000018960000,0x0000000018a60000)]
  0x0000000017404800 JavaThread "Service Thread" daemon [_thread_blocked, id=332, stack(0x0000000017f60000,0x0000000018060000)]
  0x00000000173f3800 JavaThread "C1 CompilerThread3" daemon [_thread_blocked, id=11144, stack(0x0000000017e60000,0x0000000017f60000)]
  0x0000000017390800 JavaThread "C2 CompilerThread2" daemon [_thread_in_native, id=7808, stack(0x0000000017d60000,0x0000000017e60000)]
=>0x000000001738e800 JavaThread "C2 CompilerThread1" daemon [_thread_in_native, id=7528, stack(0x0000000017c60000,0x0000000017d60000)]
  0x000000001738a000 JavaThread "C2 CompilerThread0" daemon [_thread_in_native, id=32, stack(0x0000000017b60000,0x0000000017c60000)]
  0x0000000017389000 JavaThread "Attach Listener" daemon [_thread_blocked, id=3416, stack(0x0000000017a60000,0x0000000017b60000)]
  0x0000000017386000 JavaThread "Signal Dispatcher" daemon [_thread_blocked, id=1104, stack(0x0000000017960000,0x0000000017a60000)]
  0x000000000294e000 JavaThread "Finalizer" daemon [_thread_blocked, id=8448, stack(0x0000000017760000,0x0000000017860000)]
  0x0000000002945000 JavaThread "Reference Handler" daemon [_thread_blocked, id=1072, stack(0x0000000017260000,0x0000000017360000)]
  0x00000000027dd800 JavaThread "main" [_thread_blocked, id=10408, stack(0x00000000026d0000,0x00000000027d0000)]

Other Threads:
  0x0000000015469000 VMThread [stack: 0x0000000017160000,0x0000000017260000] [id=5812]
  0x0000000017406800 WatcherThread [stack: 0x0000000018060000,0x0000000018160000] [id=2128]

VM state:not at safepoint (normal execution)

VM Mutex/Monitor currently owned by a thread: None

Heap:
 PSYoungGen      total 38400K, used 23612K [0x00000000eab00000, 0x00000000ed580000, 0x0000000100000000)
  eden space 33280K, 55% used [0x00000000eab00000,0x00000000ebd11e30,0x00000000ecb80000)
  from space 5120K, 99% used [0x00000000ecb80000,0x00000000ed07d290,0x00000000ed080000)
  to   space 5120K, 0% used [0x00000000ed080000,0x00000000ed080000,0x00000000ed580000)
 ParOldGen       total 87552K, used 950K [0x00000000c0000000, 0x00000000c5580000, 0x00000000eab00000)
  object space 87552K, 1% used [0x00000000c0000000,0x00000000c00ed9f8,0x00000000c5580000)
 Metaspace       used 6140K, capacity 7026K, committed 7296K, reserved 1056768K
  class space    used 601K, capacity 618K, committed 640K, reserved 1048576K

Card table byte_map: [0x0000000011d10000,0x0000000011f20000] byte_map_base: 0x0000000011710000

Marking Bits: (ParMarkBitMap*) 0x000000006ac50600
 Begin Bits: [0x0000000012880000, 0x0000000013880000)
 End Bits:   [0x0000000013880000, 0x0000000014880000)

Polling page: 0x00000000027e0000

CodeCache: size=245760Kb used=5844Kb max_used=5858Kb free=239915Kb
 bounds [0x0000000002950000, 0x0000000002f10000, 0x0000000011950000]
 total_blobs=1717 nmethods=1448 adapters=182
 compilation: enabled

Compilation events (10 events):
Event: 3.372 Thread 0x0000000017390800 nmethod 1445 0x0000000002e52390 code [0x0000000002e524e0, 0x0000000002e52588]
Event: 3.372 Thread 0x0000000017390800 1444       4       com.android.dx.rop.code.ThrowingCstInsn::withNewRegisters (25 bytes)
Event: 3.375 Thread 0x0000000017390800 nmethod 1444 0x0000000002eeeed0 code [0x0000000002eef020, 0x0000000002eef258]
Event: 3.376 Thread 0x0000000017390800 1455 %     4       com.android.dx.ssa.SsaMethod::computeReachability @ 52 (131 bytes)
Event: 3.396 Thread 0x00000000173f3800 1459   !   3       com.android.dx.rop.type.Type::putIntern (50 bytes)
Event: 3.397 Thread 0x00000000173f3800 nmethod 1459 0x0000000002efd2d0 code [0x0000000002efd4c0, 0x0000000002efdf98]
Event: 3.402 Thread 0x00000000173f3800 1460       3       com.android.dx.ssa.back.FirstFitLocalCombiningAllocator$Multiset::add (68 bytes)
Event: 3.403 Thread 0x00000000173f3800 nmethod 1460 0x0000000002efcbd0 code [0x0000000002efcd60, 0x0000000002efd050]
Event: 3.416 Thread 0x0000000017390800 nmethod 1455% 0x0000000002f0c5d0 code [0x0000000002f0c760, 0x0000000002f0d198]
Event: 3.416 Thread 0x0000000017390800 1456       4       com.android.dx.rop.code.LocalVariableExtractor::processBlock (327 bytes)

GC Heap History (2 events):
Event: 2.668 GC heap before
{Heap before GC invocations=1 (full 0):
 PSYoungGen      total 38400K, used 33280K [0x00000000eab00000, 0x00000000ed580000, 0x0000000100000000)
  eden space 33280K, 100% used [0x00000000eab00000,0x00000000ecb80000,0x00000000ecb80000)
  from space 5120K, 0% used [0x00000000ed080000,0x00000000ed080000,0x00000000ed580000)
  to   space 5120K, 0% used [0x00000000ecb80000,0x00000000ecb80000,0x00000000ed080000)
 ParOldGen       total 87552K, used 0K [0x00000000c0000000, 0x00000000c5580000, 0x00000000eab00000)
  object space 87552K, 0% used [0x00000000c0000000,0x00000000c0000000,0x00000000c5580000)
 Metaspace       used 6001K, capacity 6898K, committed 7040K, reserved 1056768K
  class space    used 601K, capacity 618K, committed 640K, reserved 1048576K
Event: 2.695 GC heap after
Heap after GC invocations=1 (full 0):
 PSYoungGen      total 38400K, used 5108K [0x00000000eab00000, 0x00000000ed580000, 0x0000000100000000)
  eden space 33280K, 0% used [0x00000000eab00000,0x00000000eab00000,0x00000000ecb80000)
  from space 5120K, 99% used [0x00000000ecb80000,0x00000000ed07d290,0x00000000ed080000)
  to   space 5120K, 0% used [0x00000000ed080000,0x00000000ed080000,0x00000000ed580000)
 ParOldGen       total 87552K, used 950K [0x00000000c0000000, 0x00000000c5580000, 0x00000000eab00000)
  object space 87552K, 1% used [0x00000000c0000000,0x00000000c00ed9f8,0x00000000c5580000)
 Metaspace       used 6001K, capacity 6898K, committed 7040K, reserved 1056768K
  class space    used 601K, capacity 618K, committed 640K, reserved 1048576K
}

Deoptimization events (10 events):
Event: 2.027 Thread 0x0000000017709000 Uncommon trap: reason=unstable_if action=reinterpret pc=0x0000000002b75798 method=java.util.HashMap.getNode(ILjava/lang/Object;)Ljava/util/HashMap$Node; @ 129
Event: 2.065 Thread 0x0000000017709000 Uncommon trap: reason=class_check action=maybe_recompile pc=0x0000000002bc8314 method=com.android.dx.ssa.NormalSsaInsn.accept(Lcom/android/dx/ssa/SsaInsn$Visitor;)V @ 9
Event: 2.094 Thread 0x0000000017709000 Uncommon trap: reason=class_check action=maybe_recompile pc=0x0000000002bc8314 method=com.android.dx.ssa.NormalSsaInsn.accept(Lcom/android/dx/ssa/SsaInsn$Visitor;)V @ 9
Event: 2.110 Thread 0x0000000017709000 Uncommon trap: reason=unstable_if action=reinterpret pc=0x0000000002c18c0c method=com.android.dx.rop.code.LocalItem.hashCode()I @ 25
Event: 2.113 Thread 0x0000000017710000 Uncommon trap: reason=class_check action=maybe_recompile pc=0x0000000002bc8314 method=com.android.dx.ssa.NormalSsaInsn.accept(Lcom/android/dx/ssa/SsaInsn$Visitor;)V @ 9
Event: 2.113 Thread 0x0000000017710000 Uncommon trap: reason=class_check action=maybe_recompile pc=0x0000000002bc8314 method=com.android.dx.ssa.NormalSsaInsn.accept(Lcom/android/dx/ssa/SsaInsn$Visitor;)V @ 9
Event: 2.114 Thread 0x0000000017710000 Uncommon trap: reason=class_check action=maybe_recompile pc=0x0000000002b8ebf0 method=com.android.dx.ssa.NormalSsaInsn.accept(Lcom/android/dx/ssa/SsaInsn$Visitor;)V @ 9
Event: 2.363 Thread 0x000000001775e800 Uncommon trap: reason=unstable_if action=reinterpret pc=0x0000000002bfaedc method=com.android.dx.rop.cst.Constant.compareTo(Lcom/android/dx/rop/cst/Constant;)I @ 12
Event: 2.991 Thread 0x000000001775e800 Uncommon trap: reason=null_check action=make_not_entrant pc=0x0000000002cab084 method=com.android.dx.ssa.SsaRenamer.getLocalForNewReg(I)Lcom/android/dx/rop/code/LocalItem; @ 19
Event: 2.991 Thread 0x000000001775e800 Uncommon trap: reason=null_check action=make_not_entrant pc=0x0000000002cd5ec4 method=com.android.dx.ssa.SsaRenamer.getLocalForNewReg(I)Lcom/android/dx/rop/code/LocalItem; @ 19

Internal exceptions (4 events):
Event: 0.066 Thread 0x00000000027dd800 Exception <a 'java/lang/NoSuchMethodError': Method sun.misc.Unsafe.defineClass(Ljava/lang/String;[BII)Ljava/lang/Class; name or signature does not match> (0x00000000eab07cc0) thrown at [D:\re\workspace\8-2-build-windows-amd64-cygwin\jdk8u77\6540\hotspot\sr¼µª`’Þ°?
Event: 0.066 Thread 0x00000000027dd800 Exception <a 'java/lang/NoSuchMethodError': Method sun.misc.Unsafe.prefetchRead(Ljava/lang/Object;J)V name or signature does not match> (0x00000000eab07fa8) thrown at [D:\re\workspace\8-2-build-windows-amd64-cygwin\jdk8u77\6540\hotspot\src\share\vm\prims\j4eãÛöì@
Event: 2.991 Thread 0x000000001775e800 Implicit null exception at 0x0000000002ca8fbf to 0x0000000002cab041
Event: 2.991 Thread 0x000000001775e800 Implicit null exception at 0x0000000002cd40f1 to 0x0000000002cd5e9d

Events (10 events):
Event: 2.463 Executing VM operation: Deoptimize
Event: 2.463 Executing VM operation: Deoptimize done
Event: 2.665 Executing VM operation: ParallelGCFailedAllocation
Event: 2.695 Executing VM operation: ParallelGCFailedAllocation done
Event: 2.991 Thread 0x000000001775e800 Uncommon trap: trap_request=0xfffffff4 fr.pc=0x0000000002cab084
Event: 2.991 Thread 0x000000001775e800 DEOPT PACKING pc=0x0000000002cab084 sp=0x0000000018a5e980
Event: 2.991 Thread 0x000000001775e800 DEOPT UNPACKING pc=0x000000000299582a sp=0x0000000018a5e7d8 mode 2
Event: 2.991 Thread 0x000000001775e800 Uncommon trap: trap_request=0xfffffff4 fr.pc=0x0000000002cd5ec4
Event: 2.991 Thread 0x000000001775e800 DEOPT PACKING pc=0x0000000002cd5ec4 sp=0x0000000018a5e910
Event: 2.991 Thread 0x000000001775e800 DEOPT UNPACKING pc=0x000000000299582a sp=0x0000000018a5e7c8 mode 2


Dynamic libraries:
0x00007ff65aa90000 - 0x00007ff65aac7000 	C:\Program Files\Java\jdk1.8.0_77\bin\java.exe
0x00007ffa6b3c0000 - 0x00007ffa6b581000 	C:\WINDOWS\SYSTEM32\ntdll.dll
0x00007ffa68a00000 - 0x00007ffa68aad000 	C:\WINDOWS\system32\KERNEL32.DLL
0x00007ffa67df0000 - 0x00007ffa67fd8000 	C:\WINDOWS\system32\KERNELBASE.dll
0x00007ffa6ac80000 - 0x00007ffa6ad27000 	C:\WINDOWS\system32\ADVAPI32.dll
0x00007ffa6a010000 - 0x00007ffa6a0ad000 	C:\WINDOWS\system32\msvcrt.dll
0x00007ffa6a820000 - 0x00007ffa6a87b000 	C:\WINDOWS\system32\sechost.dll
0x00007ffa6adb0000 - 0x00007ffa6aecc000 	C:\WINDOWS\system32\RPCRT4.dll
0x00007ffa688a0000 - 0x00007ffa689f6000 	C:\WINDOWS\system32\USER32.dll
0x00007ffa6a690000 - 0x00007ffa6a816000 	C:\WINDOWS\system32\GDI32.dll
0x00007ffa63250000 - 0x00007ffa634c4000 	C:\WINDOWS\WinSxS\amd64_microsoft.windows.common-controls_6595b64144ccf1df_6.0.10586.0_none_8c15ae12515e1c22\COMCTL32.dll
0x00007ffa6b140000 - 0x00007ffa6b3bd000 	C:\WINDOWS\system32\combase.dll
0x00007ffa686f0000 - 0x00007ffa6875a000 	C:\WINDOWS\system32\bcryptPrimitives.dll
0x00007ffa6a110000 - 0x00007ffa6a14b000 	C:\WINDOWS\system32\IMM32.DLL
0x00007ffa678d0000 - 0x00007ffa67902000 	C:\WINDOWS\system32\nvinitx.dll
0x00007ffa678c0000 - 0x00007ffa678ca000 	C:\WINDOWS\SYSTEM32\VERSION.dll
0x000000006d3d0000 - 0x000000006d3d6000 	C:\Program Files\NVIDIA Corporation\CoProcManager\_etoured.dll
0x00007ffa65c90000 - 0x00007ffa65cca000 	C:\Program Files\NVIDIA Corporation\CoProcManager\nvd3d9wrapx.dll
0x00007ffa6a150000 - 0x00007ffa6a579000 	C:\WINDOWS\system32\SETUPAPI.dll
0x00007ffa67a70000 - 0x00007ffa67ab3000 	C:\WINDOWS\system32\CFGMGR32.dll
0x00007ffa65c60000 - 0x00007ffa65c84000 	C:\Program Files\NVIDIA Corporation\CoProcManager\nvdxgiwrapx.dll
0x0000000069f90000 - 0x000000006a062000 	C:\Program Files\Java\jdk1.8.0_77\jre\bin\msvcr100.dll
0x000000006a440000 - 0x000000006acd0000 	C:\Program Files\Java\jdk1.8.0_77\jre\bin\server\jvm.dll
0x00007ffa6ada0000 - 0x00007ffa6ada8000 	C:\WINDOWS\system32\PSAPI.DLL
0x00007ffa591c0000 - 0x00007ffa591c9000 	C:\WINDOWS\SYSTEM32\WSOCK32.dll
0x00007ffa6a9e0000 - 0x00007ffa6aa4b000 	C:\WINDOWS\system32\WS2_32.dll
0x00007ffa65ae0000 - 0x00007ffa65b03000 	C:\WINDOWS\SYSTEM32\WINMM.dll
0x00007ffa65a80000 - 0x00007ffa65aac000 	C:\WINDOWS\SYSTEM32\WINMMBASE.dll
0x000000006a430000 - 0x000000006a43f000 	C:\Program Files\Java\jdk1.8.0_77\jre\bin\verify.dll
0x000000006a400000 - 0x000000006a429000 	C:\Program Files\Java\jdk1.8.0_77\jre\bin\java.dll
0x000000006a3e0000 - 0x000000006a3f6000 	C:\Program Files\Java\jdk1.8.0_77\jre\bin\zip.dll
0x00007ffa68ab0000 - 0x00007ffa6a00c000 	C:\WINDOWS\system32\SHELL32.dll
0x00007ffa680a0000 - 0x00007ffa686e4000 	C:\WINDOWS\system32\windows.storage.dll
0x00007ffa6b0e0000 - 0x00007ffa6b132000 	C:\WINDOWS\system32\shlwapi.dll
0x00007ffa67a30000 - 0x00007ffa67a3f000 	C:\WINDOWS\system32\kernel.appcore.dll
0x00007ffa67fe0000 - 0x00007ffa68095000 	C:\WINDOWS\system32\shcore.dll
0x00007ffa679e0000 - 0x00007ffa67a2b000 	C:\WINDOWS\system32\powrprof.dll
0x00007ffa67a40000 - 0x00007ffa67a54000 	C:\WINDOWS\system32\profapi.dll

VM Arguments:
jvm_args: -Djava.awt.headless=true -Xmx1024M -Dfile.encoding=windows-1252 -Duser.country=NL -Duser.language=nl -Duser.variant 
java_command: com.android.dx.command.Main --dex --force-jumbo --num-threads=4 --multi-dex --output C:\Users\tareq\Desktop\Backup\Slide Wilco\app\build\intermediates\transforms\dex\debug\folders\1000\10\internal_impl-24.0.0_0d5775bc4d6b98f8f60f5bd51f46b189b3207569 C:\Users\tareq\Desktop\Backup\Slide Wilco\app\build\intermediates\exploded-aar\com.android.support\support-v4\24.0.0\jars\libs\internal_impl-24.0.0.jar
java_class_path (initial): C:\Users\tareq\AppData\Local\Android\sdk\build-tools\24.0.0\lib\dx.jar
Launcher Type: SUN_STANDARD

Environment Variables:
PATH=C:\ProgramData\Oracle\Java\javapath;C:\WINDOWS\system32;C:\WINDOWS;C:\WINDOWS\System32\Wbem;C:\WINDOWS\System32\WindowsPowerShell\v1.0\;C:\Users\tareq\.dnx\bin;C:\Program Files\Microsoft DNX\Dnvm\;C:\Program Files\Novell\iPrint;C:\Program Files (x86)\Skype\Phone\;C:\Program Files\Microsoft\Web Platform Installer\;C:\Program Files (x86)\NVIDIA Corporation\PhysX\Common;C:\Program Files (x86)\GtkSharp\2.12\bin;C:\Program Files\Common Files\Autodesk Shared\;C:\Program Files\Microsoft SQL Server\130\Tools\Binn\;C:\Program Files (x86)\Windows Kits\10\Windows Performance Toolkit\;C:\Program Files (x86)\Microsoft Emulator Manager\1.0\;C:\Program Files (x86)\nodejs\;<path-to-sdk>/platform-tools;C:\Program Files\Microsoft SQL Server\Client SDK\ODBC\130\Tools\Binn\;C:\Program Files (x86)\Microsoft SQL Server\130\Tools\Binn\;C:\Program Files\Microsoft SQL Server\130\DTS\Binn\;C:\Program Files (x86)\Microsoft SQL Server\Client SDK\ODBC\130\Tools\Binn\;C:\Program Files (x86)\Microsoft SQL Server\130\DTS\Binn\;C:\Program Files (x86)\Microsoft SQL Server\130\Tools\Binn\ManagementStudio\;C:\Users\tareq\AppData\Roaming\npm
USERNAME=tareq
OS=Windows_NT
PROCESSOR_IDENTIFIER=Intel64 Family 6 Model 42 Stepping 7, GenuineIntel



---------------  S Y S T E M  ---------------

OS: Windows 10.0 , 64 bit Build 10586 (10.0.10586.0)

CPU:total 8 (4 cores per cpu, 2 threads per core) family 6 model 42 stepping 7, cmov, cx8, fxsr, mmx, sse, sse2, sse3, ssse3, sse4.1, sse4.2, popcnt, avx, clmul, ht, tsc, tscinvbit

Memory: 4k page, physical 8290356k(1057860k free), swap 10340416k(7168k free)

vm_info: Java HotSpot(TM) 64-Bit Server VM (25.77-b03) for windows-amd64 JRE (1.8.0_77-b03), built on Mar 20 2016 22:01:33 by "java_re" with MS VC++ 10.0 (VS2010)

time: Mon Jul 04 15:00:55 2016
elapsed time: 3 seconds (0d 0h 0m 3s)

