#
# There is insufficient memory for the Java Runtime Environment to continue.
# Native memory allocation (malloc) failed to allocate 1455296 bytes for Chunk::new
# Possible reasons:
#   The system is out of physical RAM or swap space
#   In 32 bit mode, the process size limit was hit
# Possible solutions:
#   Reduce memory load on the system
#   Increase physical memory or swap space
#   Check if swap backing store is full
#   Use 64 bit Java on a 64 bit OS
#   Decrease Java heap size (-Xmx/-Xms)
#   Decrease number of Java threads
#   Decrease Java thread stack sizes (-Xss)
#   Set larger code cache with -XX:ReservedCodeCacheSize=
# This output file may be truncated or incomplete.
#
#  Out of Memory Error (allocation.cpp:390), pid=9980, tid=9768
#
# JRE version: Java(TM) SE Runtime Environment (8.0_77-b03) (build 1.8.0_77-b03)
# Java VM: Java HotSpot(TM) 64-Bit Server VM (25.77-b03 mixed mode windows-amd64 compressed oops)
# Failed to write core dump. Minidumps are not enabled by default on client versions of Windows
#

---------------  T H R E A D  ---------------

Current thread (0x0000000016e7d800):  JavaThread "C2 CompilerThread1" daemon [_thread_in_native, id=9768, stack(0x0000000017750000,0x0000000017850000)]

Stack: [0x0000000017750000,0x0000000017850000]
[error occurred during error reporting (printing stack bounds), id 0xc0000005]

Native frames: (J=compiled Java code, j=interpreted, Vv=VM code, C=native code)


Current CompileTask:
C2:   3227 1381   !   4       com.android.dx.cf.code.BytecodeArray::parseInstruction (2764 bytes)


---------------  P R O C E S S  ---------------

Java Threads: ( => current thread )
  0x00000000171e5000 JavaThread "pool-2-thread-4" [_thread_blocked, id=1312, stack(0x0000000018850000,0x0000000018950000)]
  0x00000000171d8000 JavaThread "pool-2-thread-3" [_thread_blocked, id=7504, stack(0x0000000018750000,0x0000000018850000)]
  0x00000000171c3000 JavaThread "pool-2-thread-2" [_thread_blocked, id=2940, stack(0x0000000018650000,0x0000000018750000)]
  0x00000000171ac000 JavaThread "pool-3-thread-1" [_thread_blocked, id=10048, stack(0x0000000018550000,0x0000000018650000)]
  0x00000000171b1000 JavaThread "pool-2-thread-1" [_thread_blocked, id=8636, stack(0x0000000018450000,0x0000000018550000)]
  0x0000000016f26800 JavaThread "Service Thread" daemon [_thread_blocked, id=4292, stack(0x0000000017a50000,0x0000000017b50000)]
  0x0000000016e84800 JavaThread "C1 CompilerThread3" daemon [_thread_blocked, id=3080, stack(0x0000000017950000,0x0000000017a50000)]
  0x0000000016e7f000 JavaThread "C2 CompilerThread2" daemon [_thread_in_native, id=8496, stack(0x0000000017850000,0x0000000017950000)]
=>0x0000000016e7d800 JavaThread "C2 CompilerThread1" daemon [_thread_in_native, id=9768, stack(0x0000000017750000,0x0000000017850000)]
  0x0000000016e78800 JavaThread "C2 CompilerThread0" daemon [_thread_in_native, id=12232, stack(0x0000000017650000,0x0000000017750000)]
  0x0000000016e77800 JavaThread "Attach Listener" daemon [_thread_blocked, id=5548, stack(0x0000000017550000,0x0000000017650000)]
  0x0000000016e74000 JavaThread "Signal Dispatcher" daemon [_thread_blocked, id=11180, stack(0x0000000017450000,0x0000000017550000)]
  0x0000000016e70800 JavaThread "Finalizer" daemon [_thread_blocked, id=10196, stack(0x0000000017250000,0x0000000017350000)]
  0x0000000002425000 JavaThread "Reference Handler" daemon [_thread_blocked, id=5224, stack(0x0000000016d50000,0x0000000016e50000)]
  0x000000000232d800 JavaThread "main" [_thread_blocked, id=8688, stack(0x00000000021b0000,0x00000000022b0000)]

Other Threads:
  0x0000000014f49000 VMThread [stack: 0x0000000016c50000,0x0000000016d50000] [id=8820]
  0x0000000016e9d800 WatcherThread [stack: 0x0000000017b50000,0x0000000017c50000] [id=7444]

VM state:not at safepoint (normal execution)

VM Mutex/Monitor currently owned by a thread:  ([mutex/lock_event])
[0x0000000002331f50] CompiledIC_lock - owner thread: 0x000000000232d800

Heap:
 PSYoungGen      total 38400K, used 28973K [0x00000000eab00000, 0x00000000ef600000, 0x0000000100000000)
  eden space 33280K, 71% used [0x00000000eab00000,0x00000000ec24dfb0,0x00000000ecb80000)
  from space 5120K, 99% used [0x00000000ecb80000,0x00000000ed07d630,0x00000000ed080000)
  to   space 5120K, 0% used [0x00000000ef100000,0x00000000ef100000,0x00000000ef600000)
 ParOldGen       total 87552K, used 1485K [0x00000000c0000000, 0x00000000c5580000, 0x00000000eab00000)
  object space 87552K, 1% used [0x00000000c0000000,0x00000000c0173578,0x00000000c5580000)
 Metaspace       used 6111K, capacity 7026K, committed 7296K, reserved 1056768K
  class space    used 604K, capacity 618K, committed 640K, reserved 1048576K

Card table byte_map: [0x00000000117f0000,0x0000000011a00000] byte_map_base: 0x00000000111f0000

Marking Bits: (ParMarkBitMap*) 0x000000006ac50600
 Begin Bits: [0x0000000012360000, 0x0000000013360000)
 End Bits:   [0x0000000013360000, 0x0000000014360000)

Polling page: 0x00000000006e0000

CodeCache: size=245760Kb used=5854Kb max_used=5873Kb free=239905Kb
 bounds [0x0000000002430000, 0x0000000002a00000, 0x0000000011430000]
 total_blobs=1666 nmethods=1397 adapters=182
 compilation: enabled

Compilation events (10 events):
Event: 3.167 Thread 0x0000000016e84800 1418       3       java.util.HashMap$EntryIterator::next (5 bytes)
Event: 3.167 Thread 0x0000000016e84800 nmethod 1418 0x00000000029e4b10 code [0x00000000029e4c80, 0x00000000029e4e88]
Event: 3.170 Thread 0x0000000016e84800 1419   !   3       com.android.dx.cf.code.Ropper::doit (126 bytes)
Event: 3.217 Thread 0x0000000016e84800 nmethod 1419 0x00000000029e99d0 code [0x00000000029e9cc0, 0x00000000029eb118]
Event: 3.217 Thread 0x0000000016e84800 1420       1       com.android.dx.ssa.MoveParamCombiner$1::visitPhiInsn (1 bytes)
Event: 3.217 Thread 0x0000000016e84800 nmethod 1420 0x00000000029ebd50 code [0x00000000029ebea0, 0x00000000029ebfb0]
Event: 3.217 Thread 0x0000000016e84800 1421       3       com.android.dx.rop.cst.CstFieldRef::<init> (7 bytes)
Event: 3.217 Thread 0x0000000016e84800 nmethod 1421 0x00000000029ec010 code [0x00000000029ec180, 0x00000000029ec308]
Event: 3.222 Thread 0x0000000016e7f000 nmethod 1369 0x00000000029ec390 code [0x00000000029ec6a0, 0x00000000029ee400]
Event: 3.222 Thread 0x0000000016e7f000 1416       4       com.android.dx.rop.code.RegisterSpecSet::mutableCopy (57 bytes)

GC Heap History (2 events):
Event: 2.664 GC heap before
{Heap before GC invocations=1 (full 0):
 PSYoungGen      total 38400K, used 33280K [0x00000000eab00000, 0x00000000ed580000, 0x0000000100000000)
  eden space 33280K, 100% used [0x00000000eab00000,0x00000000ecb80000,0x00000000ecb80000)
  from space 5120K, 0% used [0x00000000ed080000,0x00000000ed080000,0x00000000ed580000)
  to   space 5120K, 0% used [0x00000000ecb80000,0x00000000ecb80000,0x00000000ed080000)
 ParOldGen       total 87552K, used 0K [0x00000000c0000000, 0x00000000c5580000, 0x00000000eab00000)
  object space 87552K, 0% used [0x00000000c0000000,0x00000000c0000000,0x00000000c5580000)
 Metaspace       used 5970K, capacity 6896K, committed 7040K, reserved 1056768K
  class space    used 602K, capacity 616K, committed 640K, reserved 1048576K
Event: 2.739 GC heap after
Heap after GC invocations=1 (full 0):
 PSYoungGen      total 38400K, used 5109K [0x00000000eab00000, 0x00000000ef600000, 0x0000000100000000)
  eden space 33280K, 0% used [0x00000000eab00000,0x00000000eab00000,0x00000000ecb80000)
  from space 5120K, 99% used [0x00000000ecb80000,0x00000000ed07d630,0x00000000ed080000)
  to   space 5120K, 0% used [0x00000000ef100000,0x00000000ef100000,0x00000000ef600000)
 ParOldGen       total 87552K, used 1485K [0x00000000c0000000, 0x00000000c5580000, 0x00000000eab00000)
  object space 87552K, 1% used [0x00000000c0000000,0x00000000c0173578,0x00000000c5580000)
 Metaspace       used 5970K, capacity 6896K, committed 7040K, reserved 1056768K
  class space    used 602K, capacity 616K, committed 640K, reserved 1048576K
}

Deoptimization events (10 events):
Event: 2.993 Thread 0x00000000171b1000 Uncommon trap: reason=bimorphic action=maybe_recompile pc=0x00000000028e5c50 method=com.android.dx.cf.code.BytecodeArray.parseInstruction(ILcom/android/dx/cf/code/BytecodeArray$Visitor;)I @ 1130
Event: 2.994 Thread 0x00000000171b1000 Uncommon trap: reason=bimorphic action=maybe_recompile pc=0x00000000028e5c50 method=com.android.dx.cf.code.BytecodeArray.parseInstruction(ILcom/android/dx/cf/code/BytecodeArray$Visitor;)I @ 1130
Event: 3.027 Thread 0x00000000171c3000 Uncommon trap: reason=unstable_if action=reinterpret pc=0x000000000271696c method=com.android.dx.rop.code.RegisterSpecSet.put(Lcom/android/dx/rop/code/RegisterSpec;)V @ 77
Event: 3.027 Thread 0x00000000171c3000 Uncommon trap: reason=unstable_if action=reinterpret pc=0x00000000027890e8 method=com.android.dx.rop.code.RegisterSpecSet.put(Lcom/android/dx/rop/code/RegisterSpec;)V @ 77
Event: 3.029 Thread 0x00000000171d8000 Uncommon trap: reason=unstable_if action=reinterpret pc=0x0000000002821df8 method=com.android.dx.cf.code.Ropper.labelToResultIndex(I)I @ 34
Event: 3.041 Thread 0x00000000171d8000 Uncommon trap: reason=unstable_if action=reinterpret pc=0x00000000028926e0 method=com.android.dx.util.LabeledList.set(ILcom/android/dx/util/LabeledItem;)V @ 16
Event: 3.147 Thread 0x00000000171d8000 Uncommon trap: reason=class_check action=maybe_recompile pc=0x00000000027fcde8 method=java.util.HashMap.putVal(ILjava/lang/Object;Ljava/lang/Object;ZZ)Ljava/lang/Object; @ 203
Event: 3.147 Thread 0x00000000171d8000 Uncommon trap: reason=bimorphic action=maybe_recompile pc=0x00000000028579b8 method=java.util.HashMap.getNode(ILjava/lang/Object;)Ljava/util/HashMap$Node; @ 126
Event: 3.147 Thread 0x00000000171d8000 Uncommon trap: reason=bimorphic action=maybe_recompile pc=0x00000000028579b8 method=java.util.HashMap.getNode(ILjava/lang/Object;)Ljava/util/HashMap$Node; @ 126
Event: 3.157 Thread 0x00000000171c3000 Uncommon trap: reason=unstable_if action=reinterpret pc=0x0000000002890a14 method=com.android.dx.rop.code.RegisterSpec.equals(ILcom/android/dx/rop/type/TypeBearer;Lcom/android/dx/rop/code/LocalItem;)Z @ 42

Internal exceptions (4 events):
Event: 1.136 Thread 0x000000000232d800 Exception <a 'java/lang/NoSuchMethodError': Method sun.misc.Unsafe.defineClass(Ljava/lang/String;[BII)Ljava/lang/Class; name or signature does not match> (0x00000000eab07cc0) thrown at [D:\re\workspace\8-2-build-windows-amd64-cygwin\jdk8u77\6540\hotspot\srMT³ƒî+ò?
Event: 1.136 Thread 0x000000000232d800 Exception <a 'java/lang/NoSuchMethodError': Method sun.misc.Unsafe.prefetchRead(Ljava/lang/Object;J)V name or signature does not match> (0x00000000eab07fa8) thrown at [D:\re\workspace\8-2-build-windows-amd64-cygwin\jdk8u77\6540\hotspot\src\share\vm\prims\j¸f{ðŒ@
Event: 2.819 Thread 0x00000000171b1000 Implicit null exception at 0x000000000273ae4f to 0x000000000273cfb9
Event: 2.965 Thread 0x00000000171e5000 Implicit null exception at 0x00000000026dbf22 to 0x00000000026dc012

Events (10 events):
Event: 3.147 Thread 0x00000000171d8000 Uncommon trap: trap_request=0xffffffc6 fr.pc=0x00000000028579b8
Event: 3.147 Thread 0x00000000171d8000 DEOPT PACKING pc=0x00000000028579b8 sp=0x000000001884e7b0
Event: 3.147 Thread 0x00000000171d8000 DEOPT UNPACKING pc=0x000000000247582a sp=0x000000001884e730 mode 2
Event: 3.157 Thread 0x00000000171b1000 DEOPT PACKING pc=0x000000000281c190 sp=0x000000001854eb20
Event: 3.157 Thread 0x00000000171b1000 DEOPT UNPACKING pc=0x000000000247787f sp=0x000000001854e8b8 mode 0
Event: 3.157 Thread 0x00000000171c3000 Uncommon trap: trap_request=0xffffff65 fr.pc=0x0000000002890a14
Event: 3.157 Thread 0x00000000171c3000 DEOPT PACKING pc=0x0000000002890a14 sp=0x000000001874eca0
Event: 3.157 Thread 0x00000000171c3000 DEOPT UNPACKING pc=0x000000000247582a sp=0x000000001874ec28 mode 2
Event: 3.172 Executing VM operation: ForceSafepoint
Event: 3.216 Executing VM operation: ForceSafepoint done


Dynamic libraries:
0x00007ff65aa90000 - 0x00007ff65aac7000 	C:\Program Files\Java\jdk1.8.0_77\bin\java.exe
0x00007ffa6b3c0000 - 0x00007ffa6b581000 	C:\WINDOWS\SYSTEM32\ntdll.dll
0x00007ffa68a00000 - 0x00007ffa68aad000 	C:\WINDOWS\system32\KERNEL32.DLL
0x00007ffa67df0000 - 0x00007ffa67fd8000 	C:\WINDOWS\system32\KERNELBASE.dll
0x00007ffa6ac80000 - 0x00007ffa6ad27000 	C:\WINDOWS\system32\ADVAPI32.dll
0x00007ffa6a010000 - 0x00007ffa6a0ad000 	C:\WINDOWS\system32\msvcrt.dll
0x00007ffa6a820000 - 0x00007ffa6a87b000 	C:\WINDOWS\system32\sechost.dll
0x00007ffa6adb0000 - 0x00007ffa6aecc000 	C:\WINDOWS\system32\RPCRT4.dll
0x00007ffa688a0000 - 0x00007ffa689f6000 	C:\WINDOWS\system32\USER32.dll
0x00007ffa6a690000 - 0x00007ffa6a816000 	C:\WINDOWS\system32\GDI32.dll
0x00007ffa63250000 - 0x00007ffa634c4000 	C:\WINDOWS\WinSxS\amd64_microsoft.windows.common-controls_6595b64144ccf1df_6.0.10586.0_none_8c15ae12515e1c22\COMCTL32.dll
0x00007ffa6b140000 - 0x00007ffa6b3bd000 	C:\WINDOWS\system32\combase.dll
0x00007ffa686f0000 - 0x00007ffa6875a000 	C:\WINDOWS\system32\bcryptPrimitives.dll
0x00007ffa6a110000 - 0x00007ffa6a14b000 	C:\WINDOWS\system32\IMM32.DLL
0x00007ffa678d0000 - 0x00007ffa67902000 	C:\WINDOWS\system32\nvinitx.dll
0x00007ffa678c0000 - 0x00007ffa678ca000 	C:\WINDOWS\SYSTEM32\VERSION.dll
0x000000006d3d0000 - 0x000000006d3d6000 	C:\Program Files\NVIDIA Corporation\CoProcManager\_etoured.dll
0x00007ffa65c90000 - 0x00007ffa65cca000 	C:\Program Files\NVIDIA Corporation\CoProcManager\nvd3d9wrapx.dll
0x00007ffa6a150000 - 0x00007ffa6a579000 	C:\WINDOWS\system32\SETUPAPI.dll
0x00007ffa67a70000 - 0x00007ffa67ab3000 	C:\WINDOWS\system32\CFGMGR32.dll
0x00007ffa65c60000 - 0x00007ffa65c84000 	C:\Program Files\NVIDIA Corporation\CoProcManager\nvdxgiwrapx.dll
0x0000000069f90000 - 0x000000006a062000 	C:\Program Files\Java\jdk1.8.0_77\jre\bin\msvcr100.dll
0x000000006a440000 - 0x000000006acd0000 	C:\Program Files\Java\jdk1.8.0_77\jre\bin\server\jvm.dll
0x00007ffa6ada0000 - 0x00007ffa6ada8000 	C:\WINDOWS\system32\PSAPI.DLL
0x00007ffa591c0000 - 0x00007ffa591c9000 	C:\WINDOWS\SYSTEM32\WSOCK32.dll
0x00007ffa6a9e0000 - 0x00007ffa6aa4b000 	C:\WINDOWS\system32\WS2_32.dll
0x00007ffa65ae0000 - 0x00007ffa65b03000 	C:\WINDOWS\SYSTEM32\WINMM.dll
0x00007ffa65a80000 - 0x00007ffa65aac000 	C:\WINDOWS\SYSTEM32\winmmbase.dll
0x000000006a430000 - 0x000000006a43f000 	C:\Program Files\Java\jdk1.8.0_77\jre\bin\verify.dll
0x000000006a400000 - 0x000000006a429000 	C:\Program Files\Java\jdk1.8.0_77\jre\bin\java.dll
0x000000006a3e0000 - 0x000000006a3f6000 	C:\Program Files\Java\jdk1.8.0_77\jre\bin\zip.dll
0x00007ffa68ab0000 - 0x00007ffa6a00c000 	C:\WINDOWS\system32\SHELL32.dll
0x00007ffa680a0000 - 0x00007ffa686e4000 	C:\WINDOWS\system32\windows.storage.dll
0x00007ffa6b0e0000 - 0x00007ffa6b132000 	C:\WINDOWS\system32\shlwapi.dll
0x00007ffa67a30000 - 0x00007ffa67a3f000 	C:\WINDOWS\system32\kernel.appcore.dll
0x00007ffa67fe0000 - 0x00007ffa68095000 	C:\WINDOWS\system32\shcore.dll
0x00007ffa679e0000 - 0x00007ffa67a2b000 	C:\WINDOWS\system32\powrprof.dll
0x00007ffa67a40000 - 0x00007ffa67a54000 	C:\WINDOWS\system32\profapi.dll

VM Arguments:
jvm_args: -Djava.awt.headless=true -Xmx1024M -Dfile.encoding=windows-1252 -Duser.country=NL -Duser.language=nl -Duser.variant 
java_command: com.android.dx.command.Main --dex --force-jumbo --num-threads=4 --multi-dex --output C:\Users\tareq\Desktop\Backup\Slide Wilco\app\build\intermediates\transforms\dex\debug\folders\1000\10\com.android.support-design-24.0.0_322e841e1cb1c84821e578d41934d1e6103529ba C:\Users\tareq\Desktop\Backup\Slide Wilco\app\build\intermediates\exploded-aar\com.android.support\design\24.0.0\jars\classes.jar
java_class_path (initial): C:\Users\tareq\AppData\Local\Android\sdk\build-tools\24.0.0\lib\dx.jar
Launcher Type: SUN_STANDARD

Environment Variables:
PATH=C:\ProgramData\Oracle\Java\javapath;C:\WINDOWS\system32;C:\WINDOWS;C:\WINDOWS\System32\Wbem;C:\WINDOWS\System32\WindowsPowerShell\v1.0\;C:\Users\tareq\.dnx\bin;C:\Program Files\Microsoft DNX\Dnvm\;C:\Program Files\Novell\iPrint;C:\Program Files (x86)\Skype\Phone\;C:\Program Files\Microsoft\Web Platform Installer\;C:\Program Files (x86)\NVIDIA Corporation\PhysX\Common;C:\Program Files (x86)\GtkSharp\2.12\bin;C:\Program Files\Common Files\Autodesk Shared\;C:\Program Files\Microsoft SQL Server\130\Tools\Binn\;C:\Program Files (x86)\Windows Kits\10\Windows Performance Toolkit\;C:\Program Files (x86)\Microsoft Emulator Manager\1.0\;C:\Program Files (x86)\nodejs\;<path-to-sdk>/platform-tools;C:\Program Files\Microsoft SQL Server\Client SDK\ODBC\130\Tools\Binn\;C:\Program Files (x86)\Microsoft SQL Server\130\Tools\Binn\;C:\Program Files\Microsoft SQL Server\130\DTS\Binn\;C:\Program Files (x86)\Microsoft SQL Server\Client SDK\ODBC\130\Tools\Binn\;C:\Program Files (x86)\Microsoft SQL Server\130\DTS\Binn\;C:\Program Files (x86)\Microsoft SQL Server\130\Tools\Binn\ManagementStudio\;C:\Users\tareq\AppData\Roaming\npm
USERNAME=tareq
OS=Windows_NT
PROCESSOR_IDENTIFIER=Intel64 Family 6 Model 42 Stepping 7, GenuineIntel



---------------  S Y S T E M  ---------------

OS: Windows 10.0 , 64 bit Build 10586 (10.0.10586.0)

CPU:total 8 (4 cores per cpu, 2 threads per core) family 6 model 42 stepping 7, cmov, cx8, fxsr, mmx, sse, sse2, sse3, ssse3, sse4.1, sse4.2, popcnt, avx, clmul, ht, tsc, tscinvbit

Memory: 4k page, physical 8290356k(1102932k free), swap 10340416k(6064k free)

vm_info: Java HotSpot(TM) 64-Bit Server VM (25.77-b03) for windows-amd64 JRE (1.8.0_77-b03), built on Mar 20 2016 22:01:33 by "java_re" with MS VC++ 10.0 (VS2010)

time: Mon Jul 04 15:00:53 2016
elapsed time: 3 seconds (0d 0h 0m 3s)

