#
# There is insufficient memory for the Java Runtime Environment to continue.
# Native memory allocation (malloc) failed to allocate 32744 bytes for ChunkPool::allocate
# Possible reasons:
#   The system is out of physical RAM or swap space
#   In 32 bit mode, the process size limit was hit
# Possible solutions:
#   Reduce memory load on the system
#   Increase physical memory or swap space
#   Check if swap backing store is full
#   Use 64 bit Java on a 64 bit OS
#   Decrease Java heap size (-Xmx/-Xms)
#   Decrease number of Java threads
#   Decrease Java thread stack sizes (-Xss)
#   Set larger code cache with -XX:ReservedCodeCacheSize=
# This output file may be truncated or incomplete.
#
#  Out of Memory Error (allocation.cpp:273), pid=6556, tid=11668
#
# JRE version: Java(TM) SE Runtime Environment (8.0_77-b03) (build 1.8.0_77-b03)
# Java VM: Java HotSpot(TM) 64-Bit Server VM (25.77-b03 mixed mode windows-amd64 compressed oops)
# Failed to write core dump. Minidumps are not enabled by default on client versions of Windows
#

---------------  T H R E A D  ---------------

Current thread (0x0000000017273000):  JavaThread "C1 CompilerThread3" daemon [_thread_in_native, id=11668, stack(0x0000000017d30000,0x0000000017e30000)]

Stack: [0x0000000017d30000,0x0000000017e30000]
[error occurred during error reporting (printing stack bounds), id 0xc0000005]

Native frames: (J=compiled Java code, j=interpreted, Vv=VM code, C=native code)


Current CompileTask:
C1:   1790  512   !   3       com.android.dx.cf.code.BytecodeArray::parseInstruction (2764 bytes)


---------------  P R O C E S S  ---------------

Java Threads: ( => current thread )
  0x00000000175f7800 JavaThread "pool-2-thread-4" [_thread_blocked, id=10740, stack(0x0000000018430000,0x0000000018530000)]
  0x00000000175db000 JavaThread "pool-2-thread-3" [_thread_blocked, id=1204, stack(0x0000000018330000,0x0000000018430000)]
  0x00000000175cc000 JavaThread "pool-2-thread-2" [_thread_blocked, id=8440, stack(0x0000000018230000,0x0000000018330000)]
  0x0000000017513800 JavaThread "pool-3-thread-1" [_thread_blocked, id=7104, stack(0x0000000018130000,0x0000000018230000)]
  0x000000001751f800 JavaThread "pool-2-thread-1" [_thread_in_Java, id=6644, stack(0x0000000018030000,0x0000000018130000)]
  0x00000000172e7800 JavaThread "Service Thread" daemon [_thread_blocked, id=6384, stack(0x0000000017e30000,0x0000000017f30000)]
=>0x0000000017273000 JavaThread "C1 CompilerThread3" daemon [_thread_in_native, id=11668, stack(0x0000000017d30000,0x0000000017e30000)]
  0x0000000017268000 JavaThread "C2 CompilerThread2" daemon [_thread_blocked, id=7316, stack(0x0000000017c30000,0x0000000017d30000)]
  0x000000001725e800 JavaThread "C2 CompilerThread1" daemon [_thread_blocked, id=11888, stack(0x0000000017b30000,0x0000000017c30000)]
  0x000000001725a000 JavaThread "C2 CompilerThread0" daemon [_thread_blocked, id=6392, stack(0x0000000017a30000,0x0000000017b30000)]
  0x0000000017258800 JavaThread "Attach Listener" daemon [_thread_blocked, id=8252, stack(0x0000000017930000,0x0000000017a30000)]
  0x0000000017255000 JavaThread "Signal Dispatcher" daemon [_thread_blocked, id=8728, stack(0x0000000017830000,0x0000000017930000)]
  0x0000000017250800 JavaThread "Finalizer" daemon [_thread_blocked, id=1364, stack(0x0000000017630000,0x0000000017730000)]
  0x0000000002845000 JavaThread "Reference Handler" daemon [_thread_blocked, id=7432, stack(0x0000000017130000,0x0000000017230000)]
  0x00000000024bd800 JavaThread "main" [_thread_in_Java, id=11348, stack(0x0000000002550000,0x0000000002650000)]

Other Threads:
  0x0000000015369800 VMThread [stack: 0x0000000017030000,0x0000000017130000] [id=2044]
  0x00000000172e9800 WatcherThread [stack: 0x0000000017f30000,0x0000000018030000] [id=6664]

VM state:not at safepoint (normal execution)

VM Mutex/Monitor currently owned by a thread: None

Heap:
 PSYoungGen      total 38400K, used 14901K [0x00000000eab00000, 0x00000000ed580000, 0x0000000100000000)
  eden space 33280K, 44% used [0x00000000eab00000,0x00000000eb98d708,0x00000000ecb80000)
  from space 5120K, 0% used [0x00000000ed080000,0x00000000ed080000,0x00000000ed580000)
  to   space 5120K, 0% used [0x00000000ecb80000,0x00000000ecb80000,0x00000000ed080000)
 ParOldGen       total 87552K, used 0K [0x00000000c0000000, 0x00000000c5580000, 0x00000000eab00000)
  object space 87552K, 0% used [0x00000000c0000000,0x00000000c0000000,0x00000000c5580000)
 Metaspace       used 5481K, capacity 6448K, committed 6528K, reserved 1056768K
  class space    used 596K, capacity 616K, committed 640K, reserved 1048576K

Card table byte_map: [0x0000000011c10000,0x0000000011e20000] byte_map_base: 0x0000000011610000

Marking Bits: (ParMarkBitMap*) 0x000000006ac50600
 Begin Bits: [0x0000000012780000, 0x0000000013780000)
 End Bits:   [0x0000000013780000, 0x0000000014780000)

Polling page: 0x0000000000c10000

CodeCache: size=245760Kb used=2064Kb max_used=2064Kb free=243695Kb
 bounds [0x0000000002850000, 0x0000000002ac0000, 0x0000000011850000]
 total_blobs=775 nmethods=506 adapters=182
 compilation: enabled

Compilation events (10 events):
Event: 1.771 Thread 0x0000000017273000 nmethod 507 0x0000000002a53910 code [0x0000000002a53a60, 0x0000000002a53c10]
Event: 1.771 Thread 0x0000000017273000  505       3       java.util.HashMap::<init> (11 bytes)
Event: 1.771 Thread 0x0000000017273000 nmethod 505 0x0000000002a53c90 code [0x0000000002a53e00, 0x0000000002a54010]
Event: 1.771 Thread 0x0000000017273000  508       3       com.android.dx.ssa.SsaInsn::mapRegisters (35 bytes)
Event: 1.772 Thread 0x0000000017273000 nmethod 508 0x0000000002a540d0 code [0x0000000002a54260, 0x0000000002a546c8]
Event: 1.772 Thread 0x0000000017273000  511       3       com.android.dx.util.IntList::binarysearch (124 bytes)
Event: 1.772 Thread 0x0000000017273000 nmethod 511 0x0000000002a54810 code [0x0000000002a549a0, 0x0000000002a54e50]
Event: 1.772 Thread 0x0000000017273000  509       3       com.android.dx.util.IntList::indexOf (16 bytes)
Event: 1.772 Thread 0x0000000017273000 nmethod 509 0x0000000002a55110 code [0x0000000002a55280, 0x0000000002a554e8]
Event: 1.772 Thread 0x0000000017273000  512   !   3       com.android.dx.cf.code.BytecodeArray::parseInstruction (2764 bytes)

GC Heap History (0 events):
No events

Deoptimization events (0 events):
No events

Internal exceptions (2 events):
Event: 0.153 Thread 0x00000000024bd800 Exception <a 'java/lang/NoSuchMethodError': Method sun.misc.Unsafe.defineClass(Ljava/lang/String;[BII)Ljava/lang/Class; name or signature does not match> (0x00000000eab07cc0) thrown at [D:\re\workspace\8-2-build-windows-amd64-cygwin\jdk8u77\6540\hotspot\sr+/¢|4è√?
Event: 0.153 Thread 0x00000000024bd800 Exception <a 'java/lang/NoSuchMethodError': Method sun.misc.Unsafe.prefetchRead(Ljava/lang/Object;J)V name or signature does not match> (0x00000000eab07fa8) thrown at [D:\re\workspace\8-2-build-windows-amd64-cygwin\jdk8u77\6540\hotspot\src\share\vm\prims\j

Events (10 events):
Event: 1.751 loading class java/util/HashMap$Values
Event: 1.751 loading class java/util/HashMap$Values done
Event: 1.752 loading class java/util/HashMap$ValueIterator
Event: 1.752 loading class java/util/HashMap$ValueIterator done
Event: 1.754 loading class com/android/dx/ssa/PhiInsn$Operand
Event: 1.754 loading class com/android/dx/ssa/PhiInsn$Operand done
Event: 1.762 loading class com/android/dx/ssa/back/FirstFitLocalCombiningAllocator$Multiset
Event: 1.762 loading class com/android/dx/ssa/back/FirstFitLocalCombiningAllocator$Multiset done
Event: 1.771 loading class com/android/dx/dex/file/MethodAnnotationStruct
Event: 1.771 loading class com/android/dx/dex/file/MethodAnnotationStruct done


Dynamic libraries:
0x00007ff65aa90000 - 0x00007ff65aac7000 	C:\Program Files\Java\jdk1.8.0_77\bin\java.exe
0x00007ffa6b3c0000 - 0x00007ffa6b581000 	C:\WINDOWS\SYSTEM32\ntdll.dll
0x00007ffa68a00000 - 0x00007ffa68aad000 	C:\WINDOWS\system32\KERNEL32.DLL
0x00007ffa67df0000 - 0x00007ffa67fd8000 	C:\WINDOWS\system32\KERNELBASE.dll
0x00007ffa6ac80000 - 0x00007ffa6ad27000 	C:\WINDOWS\system32\ADVAPI32.dll
0x00007ffa6a010000 - 0x00007ffa6a0ad000 	C:\WINDOWS\system32\msvcrt.dll
0x00007ffa6a820000 - 0x00007ffa6a87b000 	C:\WINDOWS\system32\sechost.dll
0x00007ffa6adb0000 - 0x00007ffa6aecc000 	C:\WINDOWS\system32\RPCRT4.dll
0x00007ffa688a0000 - 0x00007ffa689f6000 	C:\WINDOWS\system32\USER32.dll
0x00007ffa6a690000 - 0x00007ffa6a816000 	C:\WINDOWS\system32\GDI32.dll
0x00007ffa63250000 - 0x00007ffa634c4000 	C:\WINDOWS\WinSxS\amd64_microsoft.windows.common-controls_6595b64144ccf1df_6.0.10586.0_none_8c15ae12515e1c22\COMCTL32.dll
0x00007ffa6b140000 - 0x00007ffa6b3bd000 	C:\WINDOWS\system32\combase.dll
0x00007ffa686f0000 - 0x00007ffa6875a000 	C:\WINDOWS\system32\bcryptPrimitives.dll
0x00007ffa6a110000 - 0x00007ffa6a14b000 	C:\WINDOWS\system32\IMM32.DLL
0x00007ffa678d0000 - 0x00007ffa67902000 	C:\WINDOWS\system32\nvinitx.dll
0x00007ffa678c0000 - 0x00007ffa678ca000 	C:\WINDOWS\SYSTEM32\VERSION.dll
0x000000006d3d0000 - 0x000000006d3d6000 	C:\Program Files\NVIDIA Corporation\CoProcManager\_etoured.dll
0x00007ffa65c90000 - 0x00007ffa65cca000 	C:\Program Files\NVIDIA Corporation\CoProcManager\nvd3d9wrapx.dll
0x00007ffa6a150000 - 0x00007ffa6a579000 	C:\WINDOWS\system32\SETUPAPI.dll
0x00007ffa67a70000 - 0x00007ffa67ab3000 	C:\WINDOWS\system32\CFGMGR32.dll
0x00007ffa65c60000 - 0x00007ffa65c84000 	C:\Program Files\NVIDIA Corporation\CoProcManager\nvdxgiwrapx.dll
0x0000000069f90000 - 0x000000006a062000 	C:\Program Files\Java\jdk1.8.0_77\jre\bin\msvcr100.dll
0x000000006a440000 - 0x000000006acd0000 	C:\Program Files\Java\jdk1.8.0_77\jre\bin\server\jvm.dll
0x00007ffa6ada0000 - 0x00007ffa6ada8000 	C:\WINDOWS\system32\PSAPI.DLL
0x00007ffa591c0000 - 0x00007ffa591c9000 	C:\WINDOWS\SYSTEM32\WSOCK32.dll
0x00007ffa6a9e0000 - 0x00007ffa6aa4b000 	C:\WINDOWS\system32\WS2_32.dll
0x00007ffa65ae0000 - 0x00007ffa65b03000 	C:\WINDOWS\SYSTEM32\WINMM.dll
0x00007ffa65a80000 - 0x00007ffa65aac000 	C:\WINDOWS\SYSTEM32\WINMMBASE.dll
0x000000006a430000 - 0x000000006a43f000 	C:\Program Files\Java\jdk1.8.0_77\jre\bin\verify.dll
0x000000006a400000 - 0x000000006a429000 	C:\Program Files\Java\jdk1.8.0_77\jre\bin\java.dll
0x000000006a3e0000 - 0x000000006a3f6000 	C:\Program Files\Java\jdk1.8.0_77\jre\bin\zip.dll
0x00007ffa68ab0000 - 0x00007ffa6a00c000 	C:\WINDOWS\system32\SHELL32.dll
0x00007ffa680a0000 - 0x00007ffa686e4000 	C:\WINDOWS\system32\windows.storage.dll
0x00007ffa6b0e0000 - 0x00007ffa6b132000 	C:\WINDOWS\system32\shlwapi.dll
0x00007ffa67a30000 - 0x00007ffa67a3f000 	C:\WINDOWS\system32\kernel.appcore.dll
0x00007ffa67fe0000 - 0x00007ffa68095000 	C:\WINDOWS\system32\shcore.dll
0x00007ffa679e0000 - 0x00007ffa67a2b000 	C:\WINDOWS\system32\powrprof.dll
0x00007ffa67a40000 - 0x00007ffa67a54000 	C:\WINDOWS\system32\profapi.dll

VM Arguments:
jvm_args: -Djava.awt.headless=true -Xmx1024M -Dfile.encoding=windows-1252 -Duser.country=NL -Duser.language=nl -Duser.variant 
java_command: com.android.dx.command.Main --dex --force-jumbo --num-threads=4 --multi-dex --output C:\Users\tareq\Desktop\Backup\Slide Wilco\app\build\intermediates\transforms\dex\debug\folders\1000\10\com.android.support-recyclerview-v7-24.0.0_36cf2600ae49d02871b92bd64308f1c1f516a651 C:\Users\tareq\Desktop\Backup\Slide Wilco\app\build\intermediates\exploded-aar\com.android.support\recyclerview-v7\24.0.0\jars\classes.jar
java_class_path (initial): C:\Users\tareq\AppData\Local\Android\sdk\build-tools\24.0.0\lib\dx.jar
Launcher Type: SUN_STANDARD

Environment Variables:
PATH=C:\ProgramData\Oracle\Java\javapath;C:\WINDOWS\system32;C:\WINDOWS;C:\WINDOWS\System32\Wbem;C:\WINDOWS\System32\WindowsPowerShell\v1.0\;C:\Users\tareq\.dnx\bin;C:\Program Files\Microsoft DNX\Dnvm\;C:\Program Files\Novell\iPrint;C:\Program Files (x86)\Skype\Phone\;C:\Program Files\Microsoft\Web Platform Installer\;C:\Program Files (x86)\NVIDIA Corporation\PhysX\Common;C:\Program Files (x86)\GtkSharp\2.12\bin;C:\Program Files\Common Files\Autodesk Shared\;C:\Program Files\Microsoft SQL Server\130\Tools\Binn\;C:\Program Files (x86)\Windows Kits\10\Windows Performance Toolkit\;C:\Program Files (x86)\Microsoft Emulator Manager\1.0\;C:\Program Files (x86)\nodejs\;<path-to-sdk>/platform-tools;C:\Program Files\Microsoft SQL Server\Client SDK\ODBC\130\Tools\Binn\;C:\Program Files (x86)\Microsoft SQL Server\130\Tools\Binn\;C:\Program Files\Microsoft SQL Server\130\DTS\Binn\;C:\Program Files (x86)\Microsoft SQL Server\Client SDK\ODBC\130\Tools\Binn\;C:\Program Files (x86)\Microsoft SQL Server\130\DTS\Binn\;C:\Program Files (x86)\Microsoft SQL Server\130\Tools\Binn\ManagementStudio\;C:\Users\tareq\AppData\Roaming\npm
USERNAME=tareq
OS=Windows_NT
PROCESSOR_IDENTIFIER=Intel64 Family 6 Model 42 Stepping 7, GenuineIntel



---------------  S Y S T E M  ---------------

OS: Windows 10.0 , 64 bit Build 10586 (10.0.10586.0)

CPU:total 8 (4 cores per cpu, 2 threads per core) family 6 model 42 stepping 7, cmov, cx8, fxsr, mmx, sse, sse2, sse3, ssse3, sse4.1, sse4.2, popcnt, avx, clmul, ht, tsc, tscinvbit

Memory: 4k page, physical 8290356k(1099996k free), swap 10340416k(5044k free)

vm_info: Java HotSpot(TM) 64-Bit Server VM (25.77-b03) for windows-amd64 JRE (1.8.0_77-b03), built on Mar 20 2016 22:01:33 by "java_re" with MS VC++ 10.0 (VS2010)

time: Mon Jul 04 15:00:53 2016
elapsed time: 1 seconds (0d 0h 0m 1s)

