#
# There is insufficient memory for the Java Runtime Environment to continue.
# Native memory allocation (malloc) failed to allocate 32744 bytes for ChunkPool::allocate
# Possible reasons:
#   The system is out of physical RAM or swap space
#   In 32 bit mode, the process size limit was hit
# Possible solutions:
#   Reduce memory load on the system
#   Increase physical memory or swap space
#   Check if swap backing store is full
#   Use 64 bit Java on a 64 bit OS
#   Decrease Java heap size (-Xmx/-Xms)
#   Decrease number of Java threads
#   Decrease Java thread stack sizes (-Xss)
#   Set larger code cache with -XX:ReservedCodeCacheSize=
# This output file may be truncated or incomplete.
#
#  Out of Memory Error (allocation.cpp:273), pid=10692, tid=2944
#
# JRE version: Java(TM) SE Runtime Environment (8.0_77-b03) (build 1.8.0_77-b03)
# Java VM: Java HotSpot(TM) 64-Bit Server VM (25.77-b03 mixed mode windows-amd64 compressed oops)
# Failed to write core dump. Minidumps are not enabled by default on client versions of Windows
#

---------------  T H R E A D  ---------------

Current thread (0x00000000171ae000):  JavaThread "C2 CompilerThread1" daemon [_thread_in_native, id=2944, stack(0x0000000017a80000,0x0000000017b80000)]

Stack: [0x0000000017a80000,0x0000000017b80000]
[error occurred during error reporting (printing stack bounds), id 0xc0000005]

Native frames: (J=compiled Java code, j=interpreted, Vv=VM code, C=native code)


Current CompileTask:
C2:   3410 1240       4       com.android.dx.ssa.SCCP::simulateStmt (481 bytes)


---------------  P R O C E S S  ---------------

Java Threads: ( => current thread )
  0x0000000017fa5800 JavaThread "pool-2-thread-4" [_thread_blocked, id=2736, stack(0x0000000018b80000,0x0000000018c80000)]
  0x0000000017f9d800 JavaThread "pool-2-thread-3" [_thread_in_Java, id=2716, stack(0x0000000018a80000,0x0000000018b80000)]
  0x0000000017f95000 JavaThread "pool-2-thread-2" [_thread_blocked, id=11332, stack(0x0000000018980000,0x0000000018a80000)]
  0x0000000017f8e000 JavaThread "pool-3-thread-1" [_thread_blocked, id=756, stack(0x0000000018880000,0x0000000018980000)]
  0x00000000174a6800 JavaThread "pool-2-thread-1" [_thread_in_Java, id=7356, stack(0x0000000018780000,0x0000000018880000)]
  0x00000000171bc000 JavaThread "Service Thread" daemon [_thread_blocked, id=11744, stack(0x0000000017d80000,0x0000000017e80000)]
  0x00000000171b5800 JavaThread "C1 CompilerThread3" daemon [_thread_in_native, id=8652, stack(0x0000000017c80000,0x0000000017d80000)]
  0x00000000171b0000 JavaThread "C2 CompilerThread2" daemon [_thread_in_native, id=256, stack(0x0000000017b80000,0x0000000017c80000)]
=>0x00000000171ae000 JavaThread "C2 CompilerThread1" daemon [_thread_in_native, id=2944, stack(0x0000000017a80000,0x0000000017b80000)]
  0x00000000171a9800 JavaThread "C2 CompilerThread0" daemon [_thread_in_native, id=4640, stack(0x0000000017980000,0x0000000017a80000)]
  0x00000000171a8000 JavaThread "Attach Listener" daemon [_thread_blocked, id=7236, stack(0x0000000017880000,0x0000000017980000)]
  0x00000000171a5000 JavaThread "Signal Dispatcher" daemon [_thread_blocked, id=8016, stack(0x0000000017780000,0x0000000017880000)]
  0x00000000171a0800 JavaThread "Finalizer" daemon [_thread_blocked, id=8036, stack(0x0000000017580000,0x0000000017680000)]
  0x0000000002775000 JavaThread "Reference Handler" daemon [_thread_blocked, id=9744, stack(0x0000000017080000,0x0000000017180000)]
  0x00000000024dd800 JavaThread "main" [_thread_in_Java, id=10712, stack(0x0000000002580000,0x0000000002680000)]

Other Threads:
  0x0000000015299000 VMThread [stack: 0x0000000016f80000,0x0000000017080000] [id=11532]
  0x00000000171de800 WatcherThread [stack: 0x0000000017e80000,0x0000000017f80000] [id=9760]

VM state:not at safepoint (normal execution)

VM Mutex/Monitor currently owned by a thread:  ([mutex/lock_event])
[0x00000000024dc0b0] CodeCache_lock - owner thread: 0x0000000000000000

Heap:
 PSYoungGen      total 38400K, used 19952K [0x00000000eab00000, 0x00000000ed580000, 0x0000000100000000)
  eden space 33280K, 44% used [0x00000000eab00000,0x00000000eb9999c8,0x00000000ecb80000)
  from space 5120K, 97% used [0x00000000ecb80000,0x00000000ed062690,0x00000000ed080000)
  to   space 5120K, 0% used [0x00000000ed080000,0x00000000ed080000,0x00000000ed580000)
 ParOldGen       total 87552K, used 16K [0x00000000c0000000, 0x00000000c5580000, 0x00000000eab00000)
  object space 87552K, 0% used [0x00000000c0000000,0x00000000c0004000,0x00000000c5580000)
 Metaspace       used 6070K, capacity 6964K, committed 7040K, reserved 1056768K
  class space    used 607K, capacity 620K, committed 640K, reserved 1048576K

Card table byte_map: [0x0000000011b40000,0x0000000011d50000] byte_map_base: 0x0000000011540000

Marking Bits: (ParMarkBitMap*) 0x000000006ac50600
 Begin Bits: [0x00000000126b0000, 0x00000000136b0000)
 End Bits:   [0x00000000136b0000, 0x00000000146b0000)

Polling page: 0x0000000000840000

CodeCache: size=245760Kb used=4987Kb max_used=4987Kb free=240772Kb
 bounds [0x0000000002780000, 0x0000000002c70000, 0x0000000011780000]
 total_blobs=1508 nmethods=1236 adapters=185
 compilation: enabled

Compilation events (10 events):
Event: 3.402 Thread 0x00000000171b5800 nmethod 1226 0x0000000002c58890 code [0x0000000002c589e0, 0x0000000002c58b30]
Event: 3.402 Thread 0x00000000171b5800 1234       3       com.android.dx.rop.code.RegisterSpecList::getType (12 bytes)
Event: 3.402 Thread 0x00000000171b5800 nmethod 1234 0x0000000002c5afd0 code [0x0000000002c5b160, 0x0000000002c5b7b8]
Event: 3.402 Thread 0x00000000171b5800 1243       3       com.android.dx.dex.file.IdItem::<init> (24 bytes)
Event: 3.403 Thread 0x00000000171b5800 nmethod 1243 0x0000000002c5b990 code [0x0000000002c5bb20, 0x0000000002c5bea8]
Event: 3.403 Thread 0x00000000171b5800 1246       3       com.android.dx.rop.code.Rops::opMoveParam (69 bytes)
Event: 3.404 Thread 0x00000000171b5800 nmethod 1246 0x0000000002c5c010 code [0x0000000002c5c240, 0x0000000002c5ce18]
Event: 3.404 Thread 0x00000000171b5800 1248       3       com.android.dx.ssa.SsaMethod::getCountReachableBlocks (44 bytes)
Event: 3.405 Thread 0x00000000171b5800 nmethod 1248 0x0000000002c5d390 code [0x0000000002c5d560, 0x0000000002c5de18]
Event: 3.405 Thread 0x00000000171b5800 1249       3       com.android.dx.ssa.back.SsaToRop::convertBasicBlocks (151 bytes)

GC Heap History (2 events):
Event: 2.525 GC heap before
{Heap before GC invocations=1 (full 0):
 PSYoungGen      total 38400K, used 33280K [0x00000000eab00000, 0x00000000ed580000, 0x0000000100000000)
  eden space 33280K, 100% used [0x00000000eab00000,0x00000000ecb80000,0x00000000ecb80000)
  from space 5120K, 0% used [0x00000000ed080000,0x00000000ed080000,0x00000000ed580000)
  to   space 5120K, 0% used [0x00000000ecb80000,0x00000000ecb80000,0x00000000ed080000)
 ParOldGen       total 87552K, used 0K [0x00000000c0000000, 0x00000000c5580000, 0x00000000eab00000)
  object space 87552K, 0% used [0x00000000c0000000,0x00000000c0000000,0x00000000c5580000)
 Metaspace       used 5915K, capacity 6834K, committed 7040K, reserved 1056768K
  class space    used 604K, capacity 618K, committed 640K, reserved 1048576K
Event: 2.554 GC heap after
Heap after GC invocations=1 (full 0):
 PSYoungGen      total 38400K, used 5001K [0x00000000eab00000, 0x00000000ed580000, 0x0000000100000000)
  eden space 33280K, 0% used [0x00000000eab00000,0x00000000eab00000,0x00000000ecb80000)
  from space 5120K, 97% used [0x00000000ecb80000,0x00000000ed062690,0x00000000ed080000)
  to   space 5120K, 0% used [0x00000000ed080000,0x00000000ed080000,0x00000000ed580000)
 ParOldGen       total 87552K, used 16K [0x00000000c0000000, 0x00000000c5580000, 0x00000000eab00000)
  object space 87552K, 0% used [0x00000000c0000000,0x00000000c0004000,0x00000000c5580000)
 Metaspace       used 5915K, capacity 6834K, committed 7040K, reserved 1056768K
  class space    used 604K, capacity 618K, committed 640K, reserved 1048576K
}

Deoptimization events (10 events):
Event: 2.214 Thread 0x00000000174a6800 Uncommon trap: reason=unstable_if action=reinterpret pc=0x00000000029947f8 method=java.util.HashMap.getNode(ILjava/lang/Object;)Ljava/util/HashMap$Node; @ 62
Event: 2.262 Thread 0x00000000174a6800 Uncommon trap: reason=unstable_if action=reinterpret pc=0x00000000029e709c method=java.util.HashMap.getNode(ILjava/lang/Object;)Ljava/util/HashMap$Node; @ 62
Event: 2.501 Thread 0x0000000017f9d800 Uncommon trap: reason=unstable_if action=reinterpret pc=0x000000000299f6b0 method=java.util.BitSet.nextSetBit(I)I @ 87
Event: 2.708 Thread 0x0000000017fa5800 Uncommon trap: reason=class_check action=maybe_recompile pc=0x0000000002ac2e20 method=com.android.dx.rop.type.Type.equals(Ljava/lang/Object;)Z @ 8
Event: 2.708 Thread 0x0000000017fa5800 Uncommon trap: reason=class_check action=maybe_recompile pc=0x0000000002ac2e20 method=com.android.dx.rop.type.Type.equals(Ljava/lang/Object;)Z @ 8
Event: 2.708 Thread 0x0000000017fa5800 Uncommon trap: reason=class_check action=maybe_recompile pc=0x0000000002ac2e20 method=com.android.dx.rop.type.Type.equals(Ljava/lang/Object;)Z @ 8
Event: 2.712 Thread 0x0000000017fa5800 Uncommon trap: reason=class_check action=maybe_recompile pc=0x0000000002ac2e20 method=com.android.dx.rop.type.Type.equals(Ljava/lang/Object;)Z @ 8
Event: 2.885 Thread 0x0000000017fa5800 Uncommon trap: reason=class_check action=maybe_recompile pc=0x0000000002af9070 method=com.android.dx.rop.type.Type.equals(Ljava/lang/Object;)Z @ 8
Event: 2.885 Thread 0x0000000017fa5800 Uncommon trap: reason=class_check action=maybe_recompile pc=0x0000000002b13f08 method=com.android.dx.rop.type.Type.equals(Ljava/lang/Object;)Z @ 8
Event: 2.890 Thread 0x0000000017fa5800 Uncommon trap: reason=class_check action=maybe_recompile pc=0x0000000002b22f6c method=com.android.dx.rop.type.Type.equals(Ljava/lang/Object;)Z @ 8

Internal exceptions (2 events):
Event: 0.194 Thread 0x00000000024dd800 Exception <a 'java/lang/NoSuchMethodError': Method sun.misc.Unsafe.defineClass(Ljava/lang/String;[BII)Ljava/lang/Class; name or signature does not match> (0x00000000eab07cc0) thrown at [D:\re\workspace\8-2-build-windows-amd64-cygwin\jdk8u77\6540\hotspot\sr*û"÷bÀ»?
Event: 0.194 Thread 0x00000000024dd800 Exception <a 'java/lang/NoSuchMethodError': Method sun.misc.Unsafe.prefetchRead(Ljava/lang/Object;J)V name or signature does not match> (0x00000000eab07fa8) thrown at [D:\re\workspace\8-2-build-windows-amd64-cygwin\jdk8u77\6540\hotspot\src\share\vm\prims\j

Events (10 events):
Event: 2.712 Thread 0x0000000017fa5800 DEOPT UNPACKING pc=0x00000000027c582a sp=0x0000000018c7e2c8 mode 2
Event: 2.885 Thread 0x0000000017fa5800 Uncommon trap: trap_request=0xffffffde fr.pc=0x0000000002af9070
Event: 2.885 Thread 0x0000000017fa5800 DEOPT PACKING pc=0x0000000002af9070 sp=0x0000000018c7dbf0
Event: 2.885 Thread 0x0000000017fa5800 DEOPT UNPACKING pc=0x00000000027c582a sp=0x0000000018c7d918 mode 2
Event: 2.885 Thread 0x0000000017fa5800 Uncommon trap: trap_request=0xffffffde fr.pc=0x0000000002b13f08
Event: 2.885 Thread 0x0000000017fa5800 DEOPT PACKING pc=0x0000000002b13f08 sp=0x0000000018c7d9d0
Event: 2.885 Thread 0x0000000017fa5800 DEOPT UNPACKING pc=0x00000000027c582a sp=0x0000000018c7d768 mode 2
Event: 2.890 Thread 0x0000000017fa5800 Uncommon trap: trap_request=0xffffffde fr.pc=0x0000000002b22f6c
Event: 2.890 Thread 0x0000000017fa5800 DEOPT PACKING pc=0x0000000002b22f6c sp=0x0000000018c7e5e0
Event: 2.890 Thread 0x0000000017fa5800 DEOPT UNPACKING pc=0x00000000027c582a sp=0x0000000018c7e3d8 mode 2


Dynamic libraries:
0x00007ff65aa90000 - 0x00007ff65aac7000 	C:\Program Files\Java\jdk1.8.0_77\bin\java.exe
0x00007ffa6b3c0000 - 0x00007ffa6b581000 	C:\WINDOWS\SYSTEM32\ntdll.dll
0x00007ffa68a00000 - 0x00007ffa68aad000 	C:\WINDOWS\system32\KERNEL32.DLL
0x00007ffa67df0000 - 0x00007ffa67fd8000 	C:\WINDOWS\system32\KERNELBASE.dll
0x00007ffa6ac80000 - 0x00007ffa6ad27000 	C:\WINDOWS\system32\ADVAPI32.dll
0x00007ffa6a010000 - 0x00007ffa6a0ad000 	C:\WINDOWS\system32\msvcrt.dll
0x00007ffa6a820000 - 0x00007ffa6a87b000 	C:\WINDOWS\system32\sechost.dll
0x00007ffa6adb0000 - 0x00007ffa6aecc000 	C:\WINDOWS\system32\RPCRT4.dll
0x00007ffa688a0000 - 0x00007ffa689f6000 	C:\WINDOWS\system32\USER32.dll
0x00007ffa6a690000 - 0x00007ffa6a816000 	C:\WINDOWS\system32\GDI32.dll
0x00007ffa63250000 - 0x00007ffa634c4000 	C:\WINDOWS\WinSxS\amd64_microsoft.windows.common-controls_6595b64144ccf1df_6.0.10586.0_none_8c15ae12515e1c22\COMCTL32.dll
0x00007ffa6b140000 - 0x00007ffa6b3bd000 	C:\WINDOWS\system32\combase.dll
0x00007ffa686f0000 - 0x00007ffa6875a000 	C:\WINDOWS\system32\bcryptPrimitives.dll
0x00007ffa6a110000 - 0x00007ffa6a14b000 	C:\WINDOWS\system32\IMM32.DLL
0x00007ffa678d0000 - 0x00007ffa67902000 	C:\WINDOWS\system32\nvinitx.dll
0x00007ffa678c0000 - 0x00007ffa678ca000 	C:\WINDOWS\SYSTEM32\VERSION.dll
0x000000006d3d0000 - 0x000000006d3d6000 	C:\Program Files\NVIDIA Corporation\CoProcManager\_etoured.dll
0x00007ffa65c90000 - 0x00007ffa65cca000 	C:\Program Files\NVIDIA Corporation\CoProcManager\nvd3d9wrapx.dll
0x00007ffa6a150000 - 0x00007ffa6a579000 	C:\WINDOWS\system32\SETUPAPI.dll
0x00007ffa67a70000 - 0x00007ffa67ab3000 	C:\WINDOWS\system32\CFGMGR32.dll
0x00007ffa65c60000 - 0x00007ffa65c84000 	C:\Program Files\NVIDIA Corporation\CoProcManager\nvdxgiwrapx.dll
0x0000000069f90000 - 0x000000006a062000 	C:\Program Files\Java\jdk1.8.0_77\jre\bin\msvcr100.dll
0x000000006a440000 - 0x000000006acd0000 	C:\Program Files\Java\jdk1.8.0_77\jre\bin\server\jvm.dll
0x00007ffa6ada0000 - 0x00007ffa6ada8000 	C:\WINDOWS\system32\PSAPI.DLL
0x00007ffa591c0000 - 0x00007ffa591c9000 	C:\WINDOWS\SYSTEM32\WSOCK32.dll
0x00007ffa6a9e0000 - 0x00007ffa6aa4b000 	C:\WINDOWS\system32\WS2_32.dll
0x00007ffa65ae0000 - 0x00007ffa65b03000 	C:\WINDOWS\SYSTEM32\WINMM.dll
0x00007ffa65a80000 - 0x00007ffa65aac000 	C:\WINDOWS\SYSTEM32\WINMMBASE.dll
0x000000006a430000 - 0x000000006a43f000 	C:\Program Files\Java\jdk1.8.0_77\jre\bin\verify.dll
0x000000006a400000 - 0x000000006a429000 	C:\Program Files\Java\jdk1.8.0_77\jre\bin\java.dll
0x000000006a3e0000 - 0x000000006a3f6000 	C:\Program Files\Java\jdk1.8.0_77\jre\bin\zip.dll
0x00007ffa68ab0000 - 0x00007ffa6a00c000 	C:\WINDOWS\system32\SHELL32.dll
0x00007ffa680a0000 - 0x00007ffa686e4000 	C:\WINDOWS\system32\windows.storage.dll
0x00007ffa6b0e0000 - 0x00007ffa6b132000 	C:\WINDOWS\system32\shlwapi.dll
0x00007ffa67a30000 - 0x00007ffa67a3f000 	C:\WINDOWS\system32\kernel.appcore.dll
0x00007ffa67fe0000 - 0x00007ffa68095000 	C:\WINDOWS\system32\shcore.dll
0x00007ffa679e0000 - 0x00007ffa67a2b000 	C:\WINDOWS\system32\powrprof.dll
0x00007ffa67a40000 - 0x00007ffa67a54000 	C:\WINDOWS\system32\profapi.dll

VM Arguments:
jvm_args: -Djava.awt.headless=true -Xmx1024M -Dfile.encoding=windows-1252 -Duser.country=NL -Duser.language=nl -Duser.variant 
java_command: com.android.dx.command.Main --dex --force-jumbo --num-threads=4 --multi-dex --output C:\Users\tareq\Desktop\Backup\Slide Wilco\app\build\intermediates\transforms\dex\debug\folders\1000\10\com.android.support-support-v4-24.0.0_1ee2207569406a5a3d62b30bcbc56c6bfe573464 C:\Users\tareq\Desktop\Backup\Slide Wilco\app\build\intermediates\exploded-aar\com.android.support\support-v4\24.0.0\jars\classes.jar
java_class_path (initial): C:\Users\tareq\AppData\Local\Android\sdk\build-tools\24.0.0\lib\dx.jar
Launcher Type: SUN_STANDARD

Environment Variables:
PATH=C:\ProgramData\Oracle\Java\javapath;C:\WINDOWS\system32;C:\WINDOWS;C:\WINDOWS\System32\Wbem;C:\WINDOWS\System32\WindowsPowerShell\v1.0\;C:\Users\tareq\.dnx\bin;C:\Program Files\Microsoft DNX\Dnvm\;C:\Program Files\Novell\iPrint;C:\Program Files (x86)\Skype\Phone\;C:\Program Files\Microsoft\Web Platform Installer\;C:\Program Files (x86)\NVIDIA Corporation\PhysX\Common;C:\Program Files (x86)\GtkSharp\2.12\bin;C:\Program Files\Common Files\Autodesk Shared\;C:\Program Files\Microsoft SQL Server\130\Tools\Binn\;C:\Program Files (x86)\Windows Kits\10\Windows Performance Toolkit\;C:\Program Files (x86)\Microsoft Emulator Manager\1.0\;C:\Program Files (x86)\nodejs\;<path-to-sdk>/platform-tools;C:\Program Files\Microsoft SQL Server\Client SDK\ODBC\130\Tools\Binn\;C:\Program Files (x86)\Microsoft SQL Server\130\Tools\Binn\;C:\Program Files\Microsoft SQL Server\130\DTS\Binn\;C:\Program Files (x86)\Microsoft SQL Server\Client SDK\ODBC\130\Tools\Binn\;C:\Program Files (x86)\Microsoft SQL Server\130\DTS\Binn\;C:\Program Files (x86)\Microsoft SQL Server\130\Tools\Binn\ManagementStudio\;C:\Users\tareq\AppData\Roaming\npm
USERNAME=tareq
OS=Windows_NT
PROCESSOR_IDENTIFIER=Intel64 Family 6 Model 42 Stepping 7, GenuineIntel



---------------  S Y S T E M  ---------------

OS: Windows 10.0 , 64 bit Build 10586 (10.0.10586.0)

CPU:total 8 (4 cores per cpu, 2 threads per core) family 6 model 42 stepping 7, cmov, cx8, fxsr, mmx, sse, sse2, sse3, ssse3, sse4.1, sse4.2, popcnt, avx, clmul, ht, tsc, tscinvbit

Memory: 4k page, physical 8290356k(1055224k free), swap 10340416k(5136k free)

vm_info: Java HotSpot(TM) 64-Bit Server VM (25.77-b03) for windows-amd64 JRE (1.8.0_77-b03), built on Mar 20 2016 22:01:33 by "java_re" with MS VC++ 10.0 (VS2010)

time: Mon Jul 04 15:00:55 2016
elapsed time: 3 seconds (0d 0h 0m 3s)

